Unity Editor version:    2021.3.18f1 (3129e69bc0c7)
Branch:                  2021.3/staging
Build type:              Release
Batch mode:              YES
macOS version:           Version 14.1 (Build 23B74)
Darwin version:          23.1.0
Architecture:            arm64
Running under Rosetta:   NO
Available memory:        16384 MB
Using pre-set license
Pro License: YES

COMMAND LINE ARGUMENTS:
/Applications/Unity/Hub/Editor/2021.3.18f1/Unity.app/Contents/MacOS/Unity
-adb2
-batchMode
-noUpm
-name
AssetImportWorker0
-projectPath
/Users/USER/Documents/數位創作/Unity Project/3D_Game_Design/3D-Game-Project/Asphalt 8 Racing
-logFile
Logs/AssetImportWorker0.log
-srvPort
59890
Successfully changed project path to: /Users/USER/Documents/數位創作/Unity Project/3D_Game_Design/3D-Game-Project/Asphalt 8 Racing
/Users/USER/Documents/數位創作/Unity Project/3D_Game_Design/3D-Game-Project/Asphalt 8 Racing
[UnityMemory] Configuration Parameters - Can be set up in boot.config
    "memorysetup-bucket-allocator-granularity=16"
    "memorysetup-bucket-allocator-bucket-count=8"
    "memorysetup-bucket-allocator-block-size=33554432"
    "memorysetup-bucket-allocator-block-count=8"
    "memorysetup-main-allocator-block-size=16777216"
    "memorysetup-thread-allocator-block-size=16777216"
    "memorysetup-gfx-main-allocator-block-size=16777216"
    "memorysetup-gfx-thread-allocator-block-size=16777216"
    "memorysetup-cache-allocator-block-size=4194304"
    "memorysetup-typetree-allocator-block-size=2097152"
    "memorysetup-profiler-bucket-allocator-granularity=16"
    "memorysetup-profiler-bucket-allocator-bucket-count=8"
    "memorysetup-profiler-bucket-allocator-block-size=33554432"
    "memorysetup-profiler-bucket-allocator-block-count=8"
    "memorysetup-profiler-allocator-block-size=16777216"
    "memorysetup-profiler-editor-allocator-block-size=1048576"
    "memorysetup-temp-allocator-size-main=16777216"
    "memorysetup-job-temp-allocator-block-size=2097152"
    "memorysetup-job-temp-allocator-block-size-background=1048576"
    "memorysetup-job-temp-allocator-reduction-small-platforms=262144"
    "memorysetup-temp-allocator-size-background-worker=32768"
    "memorysetup-temp-allocator-size-job-worker=262144"
    "memorysetup-temp-allocator-size-preload-manager=33554432"
    "memorysetup-temp-allocator-size-nav-mesh-worker=65536"
    "memorysetup-temp-allocator-size-audio-worker=65536"
    "memorysetup-temp-allocator-size-cloud-worker=32768"
    "memorysetup-temp-allocator-size-gi-baking-worker=262144"
    "memorysetup-temp-allocator-size-gfx=262144"
Player connection [7974018752] Host "[IP] 10.232.64.191 [Port] 0 [Flags] 2 [Guid] 3591531185 [EditorId] 3591531185 [Version] 1048832 [Id] OSXEditor(0,DPOY-2.local) [Debug] 1 [PackageName] OSXEditor [ProjectName] Editor" joined multi-casting on [225.0.0.222:54997]...

Player connection [7974018752] Host "[IP] 10.232.64.191 [Port] 0 [Flags] 2 [Guid] 3591531185 [EditorId] 3591531185 [Version] 1048832 [Id] OSXEditor(0,DPOY-2.local) [Debug] 1 [PackageName] OSXEditor [ProjectName] Editor" joined alternative multi-casting on [225.0.0.222:34997]...

Refreshing native plugins compatible for Editor in 121.14 ms, found 2 plugins.
Preloading 0 native plugins for Editor in 0.00 ms.
Initialize engine version: 2021.3.18f1 (3129e69bc0c7)
[Subsystems] Discovering subsystems at path /Applications/Unity/Hub/Editor/2021.3.18f1/Unity.app/Contents/Resources/UnitySubsystems
[Subsystems] Discovering subsystems at path /Users/USER/Documents/數位創作/Unity Project/3D_Game_Design/3D-Game-Project/Asphalt 8 Racing/Assets
GfxDevice: creating device client; threaded=0; jobified=0
 preferred device: Apple M1 (high power)
Metal devices available: 1
0: Apple M1 (high power)
Using device Apple M1 (high power)
Initializing Metal device caps: Apple M1
Initialize mono
Mono path[0] = '/Applications/Unity/Hub/Editor/2021.3.18f1/Unity.app/Contents/Managed'
Mono path[1] = '/Applications/Unity/Hub/Editor/2021.3.18f1/Unity.app/Contents/MonoBleedingEdge/lib/mono/unityjit-macos'
Mono config path = '/Applications/Unity/Hub/Editor/2021.3.18f1/Unity.app/Contents/MonoBleedingEdge/etc'
Using monoOptions --debugger-agent=transport=dt_socket,embedding=1,server=y,suspend=n,address=127.0.0.1:56725
Begin MonoManager ReloadAssembly
Registering precompiled unity dll's ...
Register platform support module: /Applications/Unity/Hub/Editor/2021.3.18f1/Unity.app/Contents/PlaybackEngines/MacStandaloneSupport/UnityEditor.OSXStandalone.Extensions.dll
Registered in 0.002252 seconds.
Native extension for OSXStandalone target not found
Refreshing native plugins compatible for Editor in 121.18 ms, found 2 plugins.
Preloading 0 native plugins for Editor in 0.00 ms.
Mono: successfully reloaded assembly
- Completed reload, in  0.613 seconds
Domain Reload Profiling:
	ReloadAssembly (613ms)
		BeginReloadAssembly (67ms)
			ExecutionOrderSort (0ms)
			DisableScriptedObjects (0ms)
			BackupInstance (0ms)
			ReleaseScriptingObjects (0ms)
			CreateAndSetChildDomain (1ms)
		EndReloadAssembly (447ms)
			LoadAssemblies (67ms)
			RebuildTransferFunctionScriptingTraits (0ms)
			SetupTypeCache (99ms)
			ReleaseScriptCaches (0ms)
			RebuildScriptCaches (29ms)
			SetupLoadedEditorAssemblies (279ms)
				LogAssemblyErrors (0ms)
				InitializePlatformSupportModulesInManaged (5ms)
				SetLoadedEditorAssemblies (0ms)
				RefreshPlugins (121ms)
				BeforeProcessingInitializeOnLoad (1ms)
				ProcessInitializeOnLoadAttributes (116ms)
				ProcessInitializeOnLoadMethodAttributes (36ms)
				AfterProcessingInitializeOnLoad (0ms)
				EditorAssembliesLoaded (0ms)
			ExecutionOrderSort2 (0ms)
			AwakeInstancesAfterBackupRestoration (0ms)
Platform modules already initialized, skipping
Registering precompiled user dll's ...
Registered in 0.005165 seconds.
Begin MonoManager ReloadAssembly
Symbol file LoadedFromMemory doesn't match image /Users/USER/Documents/數位創作/Unity Project/3D_Game_Design/3D-Game-Project/Asphalt 8 Racing/Library/PackageCache/com.unity.visualscripting@1.8.0/Editor/VisualScripting.Core/Dependencies/YamlDotNet/Unity.VisualScripting.YamlDotNet.dll
Symbol file LoadedFromMemory doesn't match image /Users/USER/Documents/數位創作/Unity Project/3D_Game_Design/3D-Game-Project/Asphalt 8 Racing/Library/PackageCache/com.unity.visualscripting@1.8.0/Editor/VisualScripting.Core/Dependencies/DotNetZip/Unity.VisualScripting.IonicZip.dll
Native extension for OSXStandalone target not found
Refreshing native plugins compatible for Editor in 0.69 ms, found 2 plugins.
Preloading 0 native plugins for Editor in 0.00 ms.
Mono: successfully reloaded assembly
- Completed reload, in  0.902 seconds
Domain Reload Profiling:
	ReloadAssembly (903ms)
		BeginReloadAssembly (85ms)
			ExecutionOrderSort (0ms)
			DisableScriptedObjects (5ms)
			BackupInstance (0ms)
			ReleaseScriptingObjects (0ms)
			CreateAndSetChildDomain (23ms)
		EndReloadAssembly (717ms)
			LoadAssemblies (56ms)
			RebuildTransferFunctionScriptingTraits (0ms)
			SetupTypeCache (251ms)
			ReleaseScriptCaches (0ms)
			RebuildScriptCaches (48ms)
			SetupLoadedEditorAssemblies (322ms)
				LogAssemblyErrors (0ms)
				InitializePlatformSupportModulesInManaged (4ms)
				SetLoadedEditorAssemblies (0ms)
				RefreshPlugins (1ms)
				BeforeProcessingInitializeOnLoad (72ms)
				ProcessInitializeOnLoadAttributes (226ms)
				ProcessInitializeOnLoadMethodAttributes (17ms)
				AfterProcessingInitializeOnLoad (1ms)
				EditorAssembliesLoaded (0ms)
			ExecutionOrderSort2 (0ms)
			AwakeInstancesAfterBackupRestoration (3ms)
Platform modules already initialized, skipping
========================================================================
Worker process is ready to serve import requests
Launching external process: /Applications/Unity/Hub/Editor/2021.3.18f1/Unity.app/Contents/Tools/UnityShaderCompiler
Launched and connected shader compiler UnityShaderCompiler after 0.07 seconds
Refreshing native plugins compatible for Editor in 0.62 ms, found 2 plugins.
Preloading 0 native plugins for Editor in 0.00 ms.
Unloading 3076 Unused Serialized files (Serialized files now loaded: 0)
Unloading 22 unused Assets / (Unknown). Loaded Objects now: 3569.
Memory consumption went from 126.0 MB to 126.0 MB.
Total: 3.070333 ms (FindLiveObjects: 0.137000 ms CreateObjectMapping: 0.053541 ms MarkObjects: 2.811625 ms  DeleteObjects: 0.067333 ms)

AssetImportParameters requested are different than current active one (requested -> active):
  custom:video-decoder-ogg-theora: a1e56fd34408186e4bbccfd4996cb3dc -> 
  custom:container-muxer-webm: aa71ff27fc2769a1b78a27578f13a17b -> 
  custom:container-demuxer-webm: 4f35f7cbe854078d1ac9338744f61a02 -> 
  custom:video-encoder-webm-vp8: eb34c28f22e8b96e1ab97ce403110664 -> 
  custom:framework-osx-AVFoundation: e770b220cccbd017edd2c1fefb359320 -> 
  custom:audio-encoder-webm-vorbis: bf7c407c2cedff20999df2af8eb42d56 -> 
  custom:container-demuxer-ogg: 62fdf1f143b41e24485cea50d1cbac27 -> 
  custom:video-decoder-webm-vp8: 9c59270c3fd7afecdb556c50c9e8de78 -> 
  custom:audio-decoder-ogg-vorbis: bf7c407c2cedff20999df2af8eb42d56 -> 
========================================================================
Received Import Request.
  Time since last request: 230939.240151 seconds.
  path: Assets/Assets/map/Yughues Free Palm Trees/Prefabs/PalmTreeDualBendedOneSided.prefab
  artifactKey: Guid(38291ecd3571d294ead9e9d15c345a6d) Importer(815301076,1909f56bfc062723c751e8b465ee728b)
Start importing Assets/Assets/map/Yughues Free Palm Trees/Prefabs/PalmTreeDualBendedOneSided.prefab using Guid(38291ecd3571d294ead9e9d15c345a6d) Importer(815301076,1909f56bfc062723c751e8b465ee728b)  -> (artifact id: 'c4dc520656291345c00b6d61001a51c7') in 1.616275 seconds 
========================================================================
Received Import Request.
  Time since last request: 0.000072 seconds.
  path: Assets/Assets/map/AllSkyFree/AllSkyDemoEnvironment/MoonGlow.prefab
  artifactKey: Guid(0f1bb6c00f49e47b4b8c078bd9c1bf14) Importer(815301076,1909f56bfc062723c751e8b465ee728b)
Start importing Assets/Assets/map/AllSkyFree/AllSkyDemoEnvironment/MoonGlow.prefab using Guid(0f1bb6c00f49e47b4b8c078bd9c1bf14) Importer(815301076,1909f56bfc062723c751e8b465ee728b)  -> (artifact id: '1ca7141e7e83ac7b4139fb761517af59') in 0.003977 seconds 
========================================================================
Received Import Request.
  Time since last request: 0.000060 seconds.
  path: Assets/Assets/map/AllSkyFree/AllSkyDemoEnvironment/AllSkyDemoEnvironment_Unity4.prefab
  artifactKey: Guid(a4d020d60b18649af92bb2a05e00d513) Importer(815301076,1909f56bfc062723c751e8b465ee728b)
Start importing Assets/Assets/map/AllSkyFree/AllSkyDemoEnvironment/AllSkyDemoEnvironment_Unity4.prefab using Guid(a4d020d60b18649af92bb2a05e00d513) Importer(815301076,1909f56bfc062723c751e8b465ee728b)  -> (artifact id: '4f116ef93d98032407af6ce58d3ed456') in 0.724981 seconds 
========================================================================
Received Import Request.
  Time since last request: 0.000060 seconds.
  path: Assets/Assets/map/Yughues Free Palm Trees/Prefabs/PalmTreeDualBendedTwoSided.prefab
  artifactKey: Guid(785bfd81c9fb838469851c06eb415f7a) Importer(815301076,1909f56bfc062723c751e8b465ee728b)
Start importing Assets/Assets/map/Yughues Free Palm Trees/Prefabs/PalmTreeDualBendedTwoSided.prefab using Guid(785bfd81c9fb838469851c06eb415f7a) Importer(815301076,1909f56bfc062723c751e8b465ee728b)  -> (artifact id: 'eca2c3088fb9a3fba0c06fe9385b69e8') in 0.013563 seconds 
========================================================================
Received Import Request.
  Time since last request: 0.000052 seconds.
  path: Assets/Assets/map/Yughues Free Palm Trees/Prefabs/PalmTreeSingleBendedOneSided.prefab
  artifactKey: Guid(b22d7dcea44833b4ab41d64beb6e42c8) Importer(815301076,1909f56bfc062723c751e8b465ee728b)
Start importing Assets/Assets/map/Yughues Free Palm Trees/Prefabs/PalmTreeSingleBendedOneSided.prefab using Guid(b22d7dcea44833b4ab41d64beb6e42c8) Importer(815301076,1909f56bfc062723c751e8b465ee728b)  -> (artifact id: 'be2b5c0695c1b0fdbc9dc05ed58774eb') in 0.015998 seconds 
========================================================================
Received Import Request.
  Time since last request: 0.000052 seconds.
  path: Assets/Assets/vehicles/kart.prefab
  artifactKey: Guid(e9982c53875052d45aaa6678c057f10a) Importer(815301076,1909f56bfc062723c751e8b465ee728b)
Start importing Assets/Assets/vehicles/kart.prefab using Guid(e9982c53875052d45aaa6678c057f10a) Importer(815301076,1909f56bfc062723c751e8b465ee728b)  -> (artifact id: '1cd73365c29b411c2456f32426e0fceb') in 0.298387 seconds 
========================================================================
Received Import Request.
  Time since last request: 0.000091 seconds.
  path: Assets/Assets/map/Tree9/Tree9_3.prefab
  artifactKey: Guid(8b2d47fdc2e25ac4f9721480a68bbefa) Importer(815301076,1909f56bfc062723c751e8b465ee728b)
Start importing Assets/Assets/map/Tree9/Tree9_3.prefab using Guid(8b2d47fdc2e25ac4f9721480a68bbefa) Importer(815301076,1909f56bfc062723c751e8b465ee728b)  -> (artifact id: 'd78c2e49c8faeb7c1e814451d8a94796') in 0.864011 seconds 
========================================================================
Received Import Request.
  Time since last request: 40.989143 seconds.
  path: Assets/Assets/map/marioMap/Materials/1.mat
  artifactKey: Guid(e2d5b1f15981774459cf87ded4736fa2) Importer(815301076,1909f56bfc062723c751e8b465ee728b)
Start importing Assets/Assets/map/marioMap/Materials/1.mat using Guid(e2d5b1f15981774459cf87ded4736fa2) Importer(815301076,1909f56bfc062723c751e8b465ee728b)  -> (artifact id: 'b0bdc667caab25b7083afe59ba614827') in 0.047201 seconds 
========================================================================
Received Import Request.
  Time since last request: 0.000062 seconds.
  path: Assets/Assets/map/AllSkyFree/Night MoonBurst/AllSky_Night_MoonBurst Equirect.mat
  artifactKey: Guid(51b74d7bad397457d883c5940f7664d8) Importer(815301076,1909f56bfc062723c751e8b465ee728b)
Start importing Assets/Assets/map/AllSkyFree/Night MoonBurst/AllSky_Night_MoonBurst Equirect.mat using Guid(51b74d7bad397457d883c5940f7664d8) Importer(815301076,1909f56bfc062723c751e8b465ee728b)  -> (artifact id: '69c90e08ea1fbe2eed0b9912edd2960c') in 0.030576 seconds 
========================================================================
Received Import Request.
  Time since last request: 0.000058 seconds.
  path: Assets/Assets/map/marioMap/Materials/10.mat
  artifactKey: Guid(4eb1f0551846a4f41b7ed269da84611c) Importer(815301076,1909f56bfc062723c751e8b465ee728b)
Start importing Assets/Assets/map/marioMap/Materials/10.mat using Guid(4eb1f0551846a4f41b7ed269da84611c) Importer(815301076,1909f56bfc062723c751e8b465ee728b)  -> (artifact id: '2fb6e823657a4f896743298e6b2be753') in 0.022895 seconds 
========================================================================
Received Import Request.
  Time since last request: 0.000061 seconds.
  path: Assets/Assets/map/AllSkyFree/AllSkyDemoEnvironment/Materials/AllSkyDemoEnv_Building.mat
  artifactKey: Guid(5f35d0bb3bb3e45048ec76b0a3157c01) Importer(815301076,1909f56bfc062723c751e8b465ee728b)
Start importing Assets/Assets/map/AllSkyFree/AllSkyDemoEnvironment/Materials/AllSkyDemoEnv_Building.mat using Guid(5f35d0bb3bb3e45048ec76b0a3157c01) Importer(815301076,1909f56bfc062723c751e8b465ee728b)  -> (artifact id: '84753cfcb72578edcce34b1bf07c0987') in 0.009219 seconds 
========================================================================
Received Import Request.
  Time since last request: 0.000048 seconds.
  path: Assets/Assets/map/marioMap/Materials/5.mat
  artifactKey: Guid(03730814d05077741bdb1b5e6ddae93f) Importer(815301076,1909f56bfc062723c751e8b465ee728b)
Start importing Assets/Assets/map/marioMap/Materials/5.mat using Guid(03730814d05077741bdb1b5e6ddae93f) Importer(815301076,1909f56bfc062723c751e8b465ee728b)  -> (artifact id: 'af61ed55e03a4cd8089ea908f22832ce') in 0.008737 seconds 
========================================================================
Received Import Request.
  Time since last request: 0.000121 seconds.
  path: Assets/Assets/map/marioMap/Materials/6.mat
  artifactKey: Guid(0ce481ad8bfec8f459df25292080df3d) Importer(815301076,1909f56bfc062723c751e8b465ee728b)
Start importing Assets/Assets/map/marioMap/Materials/6.mat using Guid(0ce481ad8bfec8f459df25292080df3d) Importer(815301076,1909f56bfc062723c751e8b465ee728b)  -> (artifact id: '7eec631e8c1280135abba02b3260c20a') in 0.007469 seconds 
========================================================================
Received Import Request.
  Time since last request: 0.000096 seconds.
  path: Assets/Assets/map/marioMap/Materials/2.mat
  artifactKey: Guid(926184f29cb488e4d90353cd549a5078) Importer(815301076,1909f56bfc062723c751e8b465ee728b)
Start importing Assets/Assets/map/marioMap/Materials/2.mat using Guid(926184f29cb488e4d90353cd549a5078) Importer(815301076,1909f56bfc062723c751e8b465ee728b)  -> (artifact id: '7a52be5ef576e0389cd2622036afb814') in 0.008110 seconds 
========================================================================
Received Import Request.
  Time since last request: 0.000043 seconds.
  path: Assets/Assets/vehicles/chiron/materials/3.mat
  artifactKey: Guid(213f182fa167dbd4f9c2bd9728441fbe) Importer(815301076,1909f56bfc062723c751e8b465ee728b)
Start importing Assets/Assets/vehicles/chiron/materials/3.mat using Guid(213f182fa167dbd4f9c2bd9728441fbe) Importer(815301076,1909f56bfc062723c751e8b465ee728b)  -> (artifact id: 'cd51c5f27a5e4120cfba712456a236b2') in 0.018410 seconds 
========================================================================
Received Import Request.
  Time since last request: 0.000058 seconds.
  path: Assets/Assets/map/marioMap/Materials/7.mat
  artifactKey: Guid(97f5cf8aad0b77943bbefa7471615bc3) Importer(815301076,1909f56bfc062723c751e8b465ee728b)
Start importing Assets/Assets/map/marioMap/Materials/7.mat using Guid(97f5cf8aad0b77943bbefa7471615bc3) Importer(815301076,1909f56bfc062723c751e8b465ee728b)  -> (artifact id: 'f62c67bf3ca479494cfc1268370f7487') in 0.009969 seconds 
========================================================================
Received Import Request.
  Time since last request: 0.000056 seconds.
  path: Assets/Assets/map/AllSkyFree/Overcast Low/AllSky_Overcast4_Low Equirect.mat
  artifactKey: Guid(54fe2f000ad8f424fb63cc3ea0ae2bb2) Importer(815301076,1909f56bfc062723c751e8b465ee728b)
Start importing Assets/Assets/map/AllSkyFree/Overcast Low/AllSky_Overcast4_Low Equirect.mat using Guid(54fe2f000ad8f424fb63cc3ea0ae2bb2) Importer(815301076,1909f56bfc062723c751e8b465ee728b)  -> (artifact id: '1d856d859c2b0b93d08c78b546959fed') in 0.016248 seconds 
========================================================================
Received Import Request.
  Time since last request: 0.000052 seconds.
  path: Assets/Assets/map/AllSkyFree/Overcast Low/AllSky_Overcast4_Low.mat
  artifactKey: Guid(f2b5f3f20933f434e850db1b710542fd) Importer(815301076,1909f56bfc062723c751e8b465ee728b)
Start importing Assets/Assets/map/AllSkyFree/Overcast Low/AllSky_Overcast4_Low.mat using Guid(f2b5f3f20933f434e850db1b710542fd) Importer(815301076,1909f56bfc062723c751e8b465ee728b)  -> (artifact id: '91270d37821a6aec04dcdb9450847f2f') in 0.569090 seconds 
========================================================================
Received Import Request.
  Time since last request: 0.000052 seconds.
  path: Assets/Assets/map/marioMap/Materials/8.mat
  artifactKey: Guid(cb95ed4693fd0bb4b8a91ad7eec7bdfd) Importer(815301076,1909f56bfc062723c751e8b465ee728b)
Start importing Assets/Assets/map/marioMap/Materials/8.mat using Guid(cb95ed4693fd0bb4b8a91ad7eec7bdfd) Importer(815301076,1909f56bfc062723c751e8b465ee728b)  -> (artifact id: 'caa3ad4ac9e861f876708c24166ad56d') in 0.011213 seconds 
========================================================================
Received Import Request.
  Time since last request: 0.499558 seconds.
  path: Assets/Assets/map/AllSkyFree/AllSkyDemoEnvironment/AllSky_DemoEnvironment.fbx
  artifactKey: Guid(3016c1d519731466ebd747543eef9970) Importer(815301076,1909f56bfc062723c751e8b465ee728b)
Start importing Assets/Assets/map/AllSkyFree/AllSkyDemoEnvironment/AllSky_DemoEnvironment.fbx using Guid(3016c1d519731466ebd747543eef9970) Importer(815301076,1909f56bfc062723c751e8b465ee728b)  -> (artifact id: '36d237c303b5b05e73c18bedd88d57e7') in 0.068240 seconds 
========================================================================
Received Import Request.
  Time since last request: 0.000064 seconds.
  path: Assets/Assets/vehicles/objects/db11.fbx
  artifactKey: Guid(0866e4d543495134bbee8b6041c8b55d) Importer(815301076,1909f56bfc062723c751e8b465ee728b)
Start importing Assets/Assets/vehicles/objects/db11.fbx using Guid(0866e4d543495134bbee8b6041c8b55d) Importer(815301076,1909f56bfc062723c751e8b465ee728b)  -> (artifact id: 'a4b839ff66cab5fc28b7771acc5edcb3') in 0.244702 seconds 
========================================================================
Received Import Request.
  Time since last request: 0.000048 seconds.
  path: Assets/Assets/map/Yughues Free Palm Trees/Meshes/PalmTreeSingleBended.FBX
  artifactKey: Guid(806b4f37fa0522b4e83297e6870a09c7) Importer(815301076,1909f56bfc062723c751e8b465ee728b)
Start importing Assets/Assets/map/Yughues Free Palm Trees/Meshes/PalmTreeSingleBended.FBX using Guid(806b4f37fa0522b4e83297e6870a09c7) Importer(815301076,1909f56bfc062723c751e8b465ee728b)  -> (artifact id: 'd190ba5d9f96e398d183e2d978f46100') in 0.066585 seconds 
========================================================================
Received Import Request.
  Time since last request: 0.000047 seconds.
  path: Assets/Assets/map/communityMap/Models/Environment/Rock.FBX
  artifactKey: Guid(f0ba6574de89eb04284da26a16acae1c) Importer(815301076,1909f56bfc062723c751e8b465ee728b)
Start importing Assets/Assets/map/communityMap/Models/Environment/Rock.FBX using Guid(f0ba6574de89eb04284da26a16acae1c) Importer(815301076,1909f56bfc062723c751e8b465ee728b)  -> (artifact id: '914726526e8db0a4506cc61c52671757') in 0.392616 seconds 
========================================================================
Received Import Request.
  Time since last request: 0.000058 seconds.
  path: Assets/Assets/map/communityMap/Models/Vehicles/FamilyCarTyre.fbx
  artifactKey: Guid(97f87d11d3a694e49a88aa3aaea4e0b6) Importer(815301076,1909f56bfc062723c751e8b465ee728b)
Start importing Assets/Assets/map/communityMap/Models/Vehicles/FamilyCarTyre.fbx using Guid(97f87d11d3a694e49a88aa3aaea4e0b6) Importer(815301076,1909f56bfc062723c751e8b465ee728b)  -> (artifact id: 'ced61a551fd74785ef05544b86baf823') in 0.406565 seconds 
========================================================================
Received Import Request.
  Time since last request: 0.000044 seconds.
  path: Assets/Assets/map/communityMap/Models/Environment/RumbleStrips.fbx
  artifactKey: Guid(f2417ac1784ced9458f56bd46ca3fb6f) Importer(815301076,1909f56bfc062723c751e8b465ee728b)
Start importing Assets/Assets/map/communityMap/Models/Environment/RumbleStrips.fbx using Guid(f2417ac1784ced9458f56bd46ca3fb6f) Importer(815301076,1909f56bfc062723c751e8b465ee728b)  -> (artifact id: 'ef1055c188291c085c43b6357e899b16') in 0.017623 seconds 
========================================================================
Received Import Request.
  Time since last request: 0.000064 seconds.
  path: Assets/Assets/map/communityMap/Models/Environment/RocksScatter.FBX
  artifactKey: Guid(b6c08721469f7784b859e1f6d313e0a3) Importer(815301076,1909f56bfc062723c751e8b465ee728b)
Start importing Assets/Assets/map/communityMap/Models/Environment/RocksScatter.FBX using Guid(b6c08721469f7784b859e1f6d313e0a3) Importer(815301076,1909f56bfc062723c751e8b465ee728b)  -> (artifact id: 'dc3563368a5532ebf4a13f52c24c9c79') in 0.015148 seconds 
========================================================================
Received Import Request.
  Time since last request: 0.000053 seconds.
  path: Assets/Assets/map/communityMap/Models/Environment/SpeedBumps.fbx
  artifactKey: Guid(dc7aecef8da48074a9a103bd4c6557cc) Importer(815301076,1909f56bfc062723c751e8b465ee728b)
Start importing Assets/Assets/map/communityMap/Models/Environment/SpeedBumps.fbx using Guid(dc7aecef8da48074a9a103bd4c6557cc) Importer(815301076,1909f56bfc062723c751e8b465ee728b)  -> (artifact id: '1674eea2955421a7242da5e06c3a3842') in 0.394981 seconds 
========================================================================
Received Import Request.
  Time since last request: 0.000052 seconds.
  path: Assets/Assets/map/AllSkyFree/AllSkyDemoEnvironment/AllSky_DemoEnvironment_Center.fbx
  artifactKey: Guid(6f81d87fbcb2648b0835af8c7c1cd3fb) Importer(815301076,1909f56bfc062723c751e8b465ee728b)
Start importing Assets/Assets/map/AllSkyFree/AllSkyDemoEnvironment/AllSky_DemoEnvironment_Center.fbx using Guid(6f81d87fbcb2648b0835af8c7c1cd3fb) Importer(815301076,1909f56bfc062723c751e8b465ee728b)  -> (artifact id: '4dd43c5564bda897acc47460f17f87c5') in 0.023300 seconds 
========================================================================
Received Import Request.
  Time since last request: 0.000042 seconds.
  path: Assets/Assets/vehicles/objects/chiron.fbx
  artifactKey: Guid(f562ba239f32a8641ade65edb1849c8f) Importer(815301076,1909f56bfc062723c751e8b465ee728b)
Start importing Assets/Assets/vehicles/objects/chiron.fbx using Guid(f562ba239f32a8641ade65edb1849c8f) Importer(815301076,1909f56bfc062723c751e8b465ee728b)  -> (artifact id: '1bccb238b73593d02d361274aa933b39') in 0.139651 seconds 
========================================================================
Received Import Request.
  Time since last request: 8.256813 seconds.
  path: Assets/Cube.prefab
  artifactKey: Guid(c4cdf0d29da9d45d0b6fa310b4691bd1) Importer(815301076,1909f56bfc062723c751e8b465ee728b)
Start importing Assets/Cube.prefab using Guid(c4cdf0d29da9d45d0b6fa310b4691bd1) Importer(815301076,1909f56bfc062723c751e8b465ee728b)  -> (artifact id: '5efb2f2c72a55d4a7b192c7668271cdd') in 0.025097 seconds 
========================================================================
Received Import Request.
  Time since last request: 3.425255 seconds.
  path: Assets/Cube 1.prefab
  artifactKey: Guid(ff3a466f4c9374543a1254e22f01873d) Importer(815301076,1909f56bfc062723c751e8b465ee728b)
Start importing Assets/Cube 1.prefab using Guid(ff3a466f4c9374543a1254e22f01873d) Importer(815301076,1909f56bfc062723c751e8b465ee728b)  -> (artifact id: 'f9732b8d8c61e9e3d86543f846b64368') in 0.006115 seconds 
========================================================================
Received Import Request.
  Time since last request: 50.121209 seconds.
  path: Assets/Cube 1.prefab
  artifactKey: Guid(ff3a466f4c9374543a1254e22f01873d) Importer(815301076,1909f56bfc062723c751e8b465ee728b)
Start importing Assets/Cube 1.prefab using Guid(ff3a466f4c9374543a1254e22f01873d) Importer(815301076,1909f56bfc062723c751e8b465ee728b)  -> (artifact id: 'a452a555e455d09e8e691e4ca660de80') in 0.006655 seconds 
========================================================================
Received Import Request.
  Time since last request: 5.499929 seconds.
  path: Assets/Cube 1.prefab
  artifactKey: Guid(ff3a466f4c9374543a1254e22f01873d) Importer(815301076,1909f56bfc062723c751e8b465ee728b)
Start importing Assets/Cube 1.prefab using Guid(ff3a466f4c9374543a1254e22f01873d) Importer(815301076,1909f56bfc062723c751e8b465ee728b)  -> (artifact id: '763a3af8a636dbe61eb0f45368af71c1') in 0.006513 seconds 
========================================================================
Received Import Request.
  Time since last request: 0.588104 seconds.
  path: Assets/Cube 1.prefab
  artifactKey: Guid(ff3a466f4c9374543a1254e22f01873d) Importer(815301076,1909f56bfc062723c751e8b465ee728b)
Start importing Assets/Cube 1.prefab using Guid(ff3a466f4c9374543a1254e22f01873d) Importer(815301076,1909f56bfc062723c751e8b465ee728b)  -> (artifact id: '104b636a44bf5982036d084ea4b9acdf') in 0.005733 seconds 
========================================================================
Received Import Request.
  Time since last request: 5.464944 seconds.
  path: Assets/Cube 1.prefab
  artifactKey: Guid(ff3a466f4c9374543a1254e22f01873d) Importer(815301076,1909f56bfc062723c751e8b465ee728b)
Start importing Assets/Cube 1.prefab using Guid(ff3a466f4c9374543a1254e22f01873d) Importer(815301076,1909f56bfc062723c751e8b465ee728b)  -> (artifact id: '3e19e4233dbf34b5883985eacce576a9') in 0.006127 seconds 
