Unity Editor version:    2021.3.18f1 (3129e69bc0c7)
Branch:                  2021.3/staging
Build type:              Release
Batch mode:              YES
macOS version:           Version 14.1 (Build 23B74)
Darwin version:          23.1.0
Architecture:            arm64
Running under Rosetta:   NO
Available memory:        16384 MB
Using pre-set license
Pro License: YES

COMMAND LINE ARGUMENTS:
/Applications/Unity/Hub/Editor/2021.3.18f1/Unity.app/Contents/MacOS/Unity
-adb2
-batchMode
-noUpm
-name
AssetImportWorker1
-projectPath
/Users/USER/Documents/數位創作/Unity Project/3D_Game_Design/3D-Game-Project/Asphalt 8 Racing
-logFile
Logs/AssetImportWorker1.log
-srvPort
59890
Successfully changed project path to: /Users/USER/Documents/數位創作/Unity Project/3D_Game_Design/3D-Game-Project/Asphalt 8 Racing
/Users/USER/Documents/數位創作/Unity Project/3D_Game_Design/3D-Game-Project/Asphalt 8 Racing
[UnityMemory] Configuration Parameters - Can be set up in boot.config
    "memorysetup-bucket-allocator-granularity=16"
    "memorysetup-bucket-allocator-bucket-count=8"
    "memorysetup-bucket-allocator-block-size=33554432"
    "memorysetup-bucket-allocator-block-count=8"
    "memorysetup-main-allocator-block-size=16777216"
    "memorysetup-thread-allocator-block-size=16777216"
    "memorysetup-gfx-main-allocator-block-size=16777216"
    "memorysetup-gfx-thread-allocator-block-size=16777216"
    "memorysetup-cache-allocator-block-size=4194304"
    "memorysetup-typetree-allocator-block-size=2097152"
    "memorysetup-profiler-bucket-allocator-granularity=16"
    "memorysetup-profiler-bucket-allocator-bucket-count=8"
    "memorysetup-profiler-bucket-allocator-block-size=33554432"
    "memorysetup-profiler-bucket-allocator-block-count=8"
    "memorysetup-profiler-allocator-block-size=16777216"
    "memorysetup-profiler-editor-allocator-block-size=1048576"
    "memorysetup-temp-allocator-size-main=16777216"
    "memorysetup-job-temp-allocator-block-size=2097152"
    "memorysetup-job-temp-allocator-block-size-background=1048576"
    "memorysetup-job-temp-allocator-reduction-small-platforms=262144"
    "memorysetup-temp-allocator-size-background-worker=32768"
    "memorysetup-temp-allocator-size-job-worker=262144"
    "memorysetup-temp-allocator-size-preload-manager=33554432"
    "memorysetup-temp-allocator-size-nav-mesh-worker=65536"
    "memorysetup-temp-allocator-size-audio-worker=65536"
    "memorysetup-temp-allocator-size-cloud-worker=32768"
    "memorysetup-temp-allocator-size-gi-baking-worker=262144"
    "memorysetup-temp-allocator-size-gfx=262144"
Player connection [7974018752] Host "[IP] 10.232.64.191 [Port] 0 [Flags] 2 [Guid] 2424558264 [EditorId] 2424558264 [Version] 1048832 [Id] OSXEditor(0,DPOY-2.local) [Debug] 1 [PackageName] OSXEditor [ProjectName] Editor" joined multi-casting on [225.0.0.222:54997]...

Player connection [7974018752] Host "[IP] 10.232.64.191 [Port] 0 [Flags] 2 [Guid] 2424558264 [EditorId] 2424558264 [Version] 1048832 [Id] OSXEditor(0,DPOY-2.local) [Debug] 1 [PackageName] OSXEditor [ProjectName] Editor" joined alternative multi-casting on [225.0.0.222:34997]...

Refreshing native plugins compatible for Editor in 119.64 ms, found 2 plugins.
Preloading 0 native plugins for Editor in 0.00 ms.
Initialize engine version: 2021.3.18f1 (3129e69bc0c7)
[Subsystems] Discovering subsystems at path /Applications/Unity/Hub/Editor/2021.3.18f1/Unity.app/Contents/Resources/UnitySubsystems
[Subsystems] Discovering subsystems at path /Users/USER/Documents/數位創作/Unity Project/3D_Game_Design/3D-Game-Project/Asphalt 8 Racing/Assets
GfxDevice: creating device client; threaded=0; jobified=0
 preferred device: Apple M1 (high power)
Metal devices available: 1
0: Apple M1 (high power)
Using device Apple M1 (high power)
Initializing Metal device caps: Apple M1
Initialize mono
Mono path[0] = '/Applications/Unity/Hub/Editor/2021.3.18f1/Unity.app/Contents/Managed'
Mono path[1] = '/Applications/Unity/Hub/Editor/2021.3.18f1/Unity.app/Contents/MonoBleedingEdge/lib/mono/unityjit-macos'
Mono config path = '/Applications/Unity/Hub/Editor/2021.3.18f1/Unity.app/Contents/MonoBleedingEdge/etc'
Using monoOptions --debugger-agent=transport=dt_socket,embedding=1,server=y,suspend=n,address=127.0.0.1:56727
Begin MonoManager ReloadAssembly
Registering precompiled unity dll's ...
Register platform support module: /Applications/Unity/Hub/Editor/2021.3.18f1/Unity.app/Contents/PlaybackEngines/MacStandaloneSupport/UnityEditor.OSXStandalone.Extensions.dll
Registered in 0.002270 seconds.
Native extension for OSXStandalone target not found
Refreshing native plugins compatible for Editor in 121.28 ms, found 2 plugins.
Preloading 0 native plugins for Editor in 0.00 ms.
Mono: successfully reloaded assembly
- Completed reload, in  0.613 seconds
Domain Reload Profiling:
	ReloadAssembly (613ms)
		BeginReloadAssembly (67ms)
			ExecutionOrderSort (0ms)
			DisableScriptedObjects (0ms)
			BackupInstance (0ms)
			ReleaseScriptingObjects (0ms)
			CreateAndSetChildDomain (1ms)
		EndReloadAssembly (447ms)
			LoadAssemblies (67ms)
			RebuildTransferFunctionScriptingTraits (0ms)
			SetupTypeCache (100ms)
			ReleaseScriptCaches (0ms)
			RebuildScriptCaches (29ms)
			SetupLoadedEditorAssemblies (279ms)
				LogAssemblyErrors (0ms)
				InitializePlatformSupportModulesInManaged (5ms)
				SetLoadedEditorAssemblies (0ms)
				RefreshPlugins (121ms)
				BeforeProcessingInitializeOnLoad (1ms)
				ProcessInitializeOnLoadAttributes (116ms)
				ProcessInitializeOnLoadMethodAttributes (36ms)
				AfterProcessingInitializeOnLoad (0ms)
				EditorAssembliesLoaded (0ms)
			ExecutionOrderSort2 (0ms)
			AwakeInstancesAfterBackupRestoration (0ms)
Platform modules already initialized, skipping
Registering precompiled user dll's ...
Registered in 0.005223 seconds.
Begin MonoManager ReloadAssembly
Symbol file LoadedFromMemory doesn't match image /Users/USER/Documents/數位創作/Unity Project/3D_Game_Design/3D-Game-Project/Asphalt 8 Racing/Library/PackageCache/com.unity.visualscripting@1.8.0/Editor/VisualScripting.Core/Dependencies/YamlDotNet/Unity.VisualScripting.YamlDotNet.dll
Symbol file LoadedFromMemory doesn't match image /Users/USER/Documents/數位創作/Unity Project/3D_Game_Design/3D-Game-Project/Asphalt 8 Racing/Library/PackageCache/com.unity.visualscripting@1.8.0/Editor/VisualScripting.Core/Dependencies/DotNetZip/Unity.VisualScripting.IonicZip.dll
Native extension for OSXStandalone target not found
Refreshing native plugins compatible for Editor in 0.67 ms, found 2 plugins.
Preloading 0 native plugins for Editor in 0.00 ms.
Mono: successfully reloaded assembly
- Completed reload, in  0.906 seconds
Domain Reload Profiling:
	ReloadAssembly (907ms)
		BeginReloadAssembly (84ms)
			ExecutionOrderSort (0ms)
			DisableScriptedObjects (5ms)
			BackupInstance (0ms)
			ReleaseScriptingObjects (0ms)
			CreateAndSetChildDomain (21ms)
		EndReloadAssembly (718ms)
			LoadAssemblies (60ms)
			RebuildTransferFunctionScriptingTraits (0ms)
			SetupTypeCache (251ms)
			ReleaseScriptCaches (0ms)
			RebuildScriptCaches (48ms)
			SetupLoadedEditorAssemblies (320ms)
				LogAssemblyErrors (0ms)
				InitializePlatformSupportModulesInManaged (4ms)
				SetLoadedEditorAssemblies (0ms)
				RefreshPlugins (1ms)
				BeforeProcessingInitializeOnLoad (72ms)
				ProcessInitializeOnLoadAttributes (225ms)
				ProcessInitializeOnLoadMethodAttributes (17ms)
				AfterProcessingInitializeOnLoad (1ms)
				EditorAssembliesLoaded (0ms)
			ExecutionOrderSort2 (0ms)
			AwakeInstancesAfterBackupRestoration (3ms)
Platform modules already initialized, skipping
========================================================================
Worker process is ready to serve import requests
Launching external process: /Applications/Unity/Hub/Editor/2021.3.18f1/Unity.app/Contents/Tools/UnityShaderCompiler
Launched and connected shader compiler UnityShaderCompiler after 0.07 seconds
Refreshing native plugins compatible for Editor in 0.62 ms, found 2 plugins.
Preloading 0 native plugins for Editor in 0.00 ms.
Unloading 3076 Unused Serialized files (Serialized files now loaded: 0)
Unloading 22 unused Assets / (Unknown). Loaded Objects now: 3569.
Memory consumption went from 125.9 MB to 126.0 MB.
Total: 3.031625 ms (FindLiveObjects: 0.124375 ms CreateObjectMapping: 0.053750 ms MarkObjects: 2.790500 ms  DeleteObjects: 0.062125 ms)

AssetImportParameters requested are different than current active one (requested -> active):
  custom:video-decoder-ogg-theora: a1e56fd34408186e4bbccfd4996cb3dc -> 
  custom:container-muxer-webm: aa71ff27fc2769a1b78a27578f13a17b -> 
  custom:container-demuxer-webm: 4f35f7cbe854078d1ac9338744f61a02 -> 
  custom:video-encoder-webm-vp8: eb34c28f22e8b96e1ab97ce403110664 -> 
  custom:framework-osx-AVFoundation: e770b220cccbd017edd2c1fefb359320 -> 
  custom:audio-encoder-webm-vorbis: bf7c407c2cedff20999df2af8eb42d56 -> 
  custom:container-demuxer-ogg: 62fdf1f143b41e24485cea50d1cbac27 -> 
  custom:video-decoder-webm-vp8: 9c59270c3fd7afecdb556c50c9e8de78 -> 
  custom:audio-decoder-ogg-vorbis: bf7c407c2cedff20999df2af8eb42d56 -> 
========================================================================
Received Import Request.
  Time since last request: 230938.791847 seconds.
  path: Assets/Assets/vehicles/porsche/cayman.prefab
  artifactKey: Guid(7a1c876f724c2c74babf5b7174c678a9) Importer(815301076,1909f56bfc062723c751e8b465ee728b)
Start importing Assets/Assets/vehicles/porsche/cayman.prefab using Guid(7a1c876f724c2c74babf5b7174c678a9) Importer(815301076,1909f56bfc062723c751e8b465ee728b)  -> (artifact id: '997a50ea23e2c7f0361e19faeba4f7be') in 2.064602 seconds 
========================================================================
Received Import Request.
  Time since last request: 0.000061 seconds.
  path: Assets/Assets/map/Yughues Free Palm Trees/All PalmTrees.prefab
  artifactKey: Guid(f8ab9dd2250673b4e9d566833e7eb461) Importer(815301076,1909f56bfc062723c751e8b465ee728b)
Start importing Assets/Assets/map/Yughues Free Palm Trees/All PalmTrees.prefab using Guid(f8ab9dd2250673b4e9d566833e7eb461) Importer(815301076,1909f56bfc062723c751e8b465ee728b)  -> (artifact id: 'b6e16efbcbbed28478ede368e3aa5f7a') in 0.004460 seconds 
========================================================================
Received Import Request.
  Time since last request: 0.000062 seconds.
  path: Assets/Assets/map/Yughues Free Palm Trees/Prefabs/PalmTreeSingleBendedTwoSided.prefab
  artifactKey: Guid(8d67c8074b567ec459905d65232f7154) Importer(815301076,1909f56bfc062723c751e8b465ee728b)
Start importing Assets/Assets/map/Yughues Free Palm Trees/Prefabs/PalmTreeSingleBendedTwoSided.prefab using Guid(8d67c8074b567ec459905d65232f7154) Importer(815301076,1909f56bfc062723c751e8b465ee728b)  -> (artifact id: 'e421432f590e2542cbc271f00fe5878b') in 0.305750 seconds 
========================================================================
Received Import Request.
  Time since last request: 0.000093 seconds.
  path: Assets/Assets/map/Yughues Free Palm Trees/Prefabs/PalmTreeTrioTwoSided.prefab
  artifactKey: Guid(ecc2762d91d3584429565bde5fbede9e) Importer(815301076,1909f56bfc062723c751e8b465ee728b)
Start importing Assets/Assets/map/Yughues Free Palm Trees/Prefabs/PalmTreeTrioTwoSided.prefab using Guid(ecc2762d91d3584429565bde5fbede9e) Importer(815301076,1909f56bfc062723c751e8b465ee728b)  -> (artifact id: '0374a321881d41cd670b107fd743bea3') in 0.012303 seconds 
========================================================================
Received Import Request.
  Time since last request: 0.000063 seconds.
  path: Assets/Assets/map/Yughues Free Palm Trees/Prefabs/PalmTreeSingleStraightOneSided.prefab
  artifactKey: Guid(20ddc844cd25b244f8005cba06955856) Importer(815301076,1909f56bfc062723c751e8b465ee728b)
Start importing Assets/Assets/map/Yughues Free Palm Trees/Prefabs/PalmTreeSingleStraightOneSided.prefab using Guid(20ddc844cd25b244f8005cba06955856) Importer(815301076,1909f56bfc062723c751e8b465ee728b)  -> (artifact id: '21070ed39c747fc1cf53782c5f6072bd') in 0.012424 seconds 
========================================================================
Received Import Request.
  Time since last request: 0.000053 seconds.
  path: Assets/Assets/map/Yughues Free Palm Trees/Prefabs/PalmTreeSingleStraightTwoSided.prefab
  artifactKey: Guid(03566e50eb2d319468a8720030b6bcf6) Importer(815301076,1909f56bfc062723c751e8b465ee728b)
Start importing Assets/Assets/map/Yughues Free Palm Trees/Prefabs/PalmTreeSingleStraightTwoSided.prefab using Guid(03566e50eb2d319468a8720030b6bcf6) Importer(815301076,1909f56bfc062723c751e8b465ee728b)  -> (artifact id: '5b2cd563b388b194c61d3e36a114386d') in 0.010998 seconds 
========================================================================
Received Import Request.
  Time since last request: 0.000048 seconds.
  path: Assets/Assets/map/Tree9/Tree9_2.prefab
  artifactKey: Guid(be878d9ea17907f4a8068678a5ce7908) Importer(815301076,1909f56bfc062723c751e8b465ee728b)
Start importing Assets/Assets/map/Tree9/Tree9_2.prefab using Guid(be878d9ea17907f4a8068678a5ce7908) Importer(815301076,1909f56bfc062723c751e8b465ee728b)  -> (artifact id: '216d85966305d5c862be382f3caedd5a') in 0.868852 seconds 
========================================================================
Received Import Request.
  Time since last request: 0.000053 seconds.
  path: Assets/Assets/vehicles/objects/ParticleBurnoutSmoke (1).prefab
  artifactKey: Guid(063d6c2ec6e33be469f9514400beb001) Importer(815301076,1909f56bfc062723c751e8b465ee728b)
Start importing Assets/Assets/vehicles/objects/ParticleBurnoutSmoke (1).prefab using Guid(063d6c2ec6e33be469f9514400beb001) Importer(815301076,1909f56bfc062723c751e8b465ee728b)  -> (artifact id: 'a5ea5a930d1241f65083010a1f395a74') in 0.005553 seconds 
========================================================================
Received Import Request.
  Time since last request: 0.000045 seconds.
  path: Assets/Assets/map/Yughues Free Palm Trees/Prefabs/PalmTreeTrioOneSided.prefab
  artifactKey: Guid(2ed7cc7e3c944414d8f3fabb4d533018) Importer(815301076,1909f56bfc062723c751e8b465ee728b)
Start importing Assets/Assets/map/Yughues Free Palm Trees/Prefabs/PalmTreeTrioOneSided.prefab using Guid(2ed7cc7e3c944414d8f3fabb4d533018) Importer(815301076,1909f56bfc062723c751e8b465ee728b)  -> (artifact id: '0c6df9f7a00e8ff9fbcb57152d7a597d') in 0.010860 seconds 
========================================================================
Received Import Request.
  Time since last request: 0.000055 seconds.
  path: Assets/Assets/map/Yughues Free Palm Trees/Prefabs/PalmTreeDualStraightTwoSided.prefab
  artifactKey: Guid(5e617e90ac28ce7488be6a63235b1f32) Importer(815301076,1909f56bfc062723c751e8b465ee728b)
Start importing Assets/Assets/map/Yughues Free Palm Trees/Prefabs/PalmTreeDualStraightTwoSided.prefab using Guid(5e617e90ac28ce7488be6a63235b1f32) Importer(815301076,1909f56bfc062723c751e8b465ee728b)  -> (artifact id: '157979e3caab7b87ce6fd2b2511b1a31') in 0.011278 seconds 
========================================================================
Received Import Request.
  Time since last request: 0.000048 seconds.
  path: Assets/Assets/map/Tree9/Tree9_5.prefab
  artifactKey: Guid(9b8fc966f95ea9c4194dc091fc40b478) Importer(815301076,1909f56bfc062723c751e8b465ee728b)
Start importing Assets/Assets/map/Tree9/Tree9_5.prefab using Guid(9b8fc966f95ea9c4194dc091fc40b478) Importer(815301076,1909f56bfc062723c751e8b465ee728b)  -> (artifact id: 'e2027334962745aa85c9231d12f19a6d') in 0.021985 seconds 
========================================================================
Received Import Request.
  Time since last request: 0.000060 seconds.
  path: Assets/Assets/vehicles/bmw 1980/bmw 1980.prefab
  artifactKey: Guid(717d1be84fab366489408807858fcb9d) Importer(815301076,1909f56bfc062723c751e8b465ee728b)
Start importing Assets/Assets/vehicles/bmw 1980/bmw 1980.prefab using Guid(717d1be84fab366489408807858fcb9d) Importer(815301076,1909f56bfc062723c751e8b465ee728b)  -> (artifact id: 'abd2f785f775cf304ad82b578b4fca29') in 0.206173 seconds 
========================================================================
Received Import Request.
  Time since last request: 0.000058 seconds.
  path: Assets/Assets/vehicles/vehicleList.prefab
  artifactKey: Guid(546bc0ef75f4acc4ca3b3509c9951c1e) Importer(815301076,1909f56bfc062723c751e8b465ee728b)
Start importing Assets/Assets/vehicles/vehicleList.prefab using Guid(546bc0ef75f4acc4ca3b3509c9951c1e) Importer(815301076,1909f56bfc062723c751e8b465ee728b)  -> (artifact id: '128393679b734a7b2a704aa45fe0e00a') in 0.062316 seconds 
========================================================================
Received Import Request.
  Time since last request: 0.000079 seconds.
  path: Assets/Assets/map/Yughues Free Palm Trees/Prefabs/PalmTreeDualStraightOneSided.prefab
  artifactKey: Guid(b9a200fc20bd2b54392b467e9411a431) Importer(815301076,1909f56bfc062723c751e8b465ee728b)
Start importing Assets/Assets/map/Yughues Free Palm Trees/Prefabs/PalmTreeDualStraightOneSided.prefab using Guid(b9a200fc20bd2b54392b467e9411a431) Importer(815301076,1909f56bfc062723c751e8b465ee728b)  -> (artifact id: 'bdd90e7552cbd161197dfe812a715739') in 0.013984 seconds 
========================================================================
Received Import Request.
  Time since last request: 0.000071 seconds.
  path: Assets/Assets/map/Tree9/Tree9_4.prefab
  artifactKey: Guid(956bd2acf7aae244dac8fc20cf57858d) Importer(815301076,1909f56bfc062723c751e8b465ee728b)
Start importing Assets/Assets/map/Tree9/Tree9_4.prefab using Guid(956bd2acf7aae244dac8fc20cf57858d) Importer(815301076,1909f56bfc062723c751e8b465ee728b)  -> (artifact id: 'f31f72e85e5eb7bb014276798f5ce374') in 0.024882 seconds 
========================================================================
Received Import Request.
  Time since last request: 0.000086 seconds.
  path: Assets/Assets/map/AllSkyFree/AllSkyDemoEnvironment/SunGlow.prefab
  artifactKey: Guid(6e58b6f7d760a4942b5d1887cdb4a815) Importer(815301076,1909f56bfc062723c751e8b465ee728b)
Start importing Assets/Assets/map/AllSkyFree/AllSkyDemoEnvironment/SunGlow.prefab using Guid(6e58b6f7d760a4942b5d1887cdb4a815) Importer(815301076,1909f56bfc062723c751e8b465ee728b)  -> (artifact id: 'df129b25b7ed776de0a93f80b5a5012f') in 0.002616 seconds 
========================================================================
Received Import Request.
  Time since last request: 41.298914 seconds.
  path: Assets/Assets/vehicles/chiron/materials/1.mat
  artifactKey: Guid(cdab1b80891eb6b4a926cc7bc25f2fdb) Importer(815301076,1909f56bfc062723c751e8b465ee728b)
Start importing Assets/Assets/vehicles/chiron/materials/1.mat using Guid(cdab1b80891eb6b4a926cc7bc25f2fdb) Importer(815301076,1909f56bfc062723c751e8b465ee728b)  -> (artifact id: '9528ac9551bf035bcbcaa8aa89301513') in 0.058499 seconds 
========================================================================
Received Import Request.
  Time since last request: 0.000071 seconds.
  path: Assets/Assets/map/AllSkyFree/Space_AnotherPlanet/AllSky_Space_AnotherPlanet.mat
  artifactKey: Guid(656058fe318eb48558d21d66d1a79a2b) Importer(815301076,1909f56bfc062723c751e8b465ee728b)
Start importing Assets/Assets/map/AllSkyFree/Space_AnotherPlanet/AllSky_Space_AnotherPlanet.mat using Guid(656058fe318eb48558d21d66d1a79a2b) Importer(815301076,1909f56bfc062723c751e8b465ee728b)  -> (artifact id: '47cffeebcf15d10c9262ee1302eda131') in 0.572682 seconds 
========================================================================
Received Import Request.
  Time since last request: 0.000044 seconds.
  path: Assets/Assets/map/marioMap/Materials/11.mat
  artifactKey: Guid(764397c1d98ace74c9144113f205fb2f) Importer(815301076,1909f56bfc062723c751e8b465ee728b)
Start importing Assets/Assets/map/marioMap/Materials/11.mat using Guid(764397c1d98ace74c9144113f205fb2f) Importer(815301076,1909f56bfc062723c751e8b465ee728b)  -> (artifact id: 'e856cdfdc699234dca710a31cff84d65') in 0.007415 seconds 
========================================================================
Received Import Request.
  Time since last request: 0.000082 seconds.
  path: Assets/Assets/vehicles/chiron/materials/2.mat
  artifactKey: Guid(1c5ffad4cceab404ea96933d52d369c0) Importer(815301076,1909f56bfc062723c751e8b465ee728b)
Start importing Assets/Assets/vehicles/chiron/materials/2.mat using Guid(1c5ffad4cceab404ea96933d52d369c0) Importer(815301076,1909f56bfc062723c751e8b465ee728b)  -> (artifact id: '185d7b8e1cf87a0c4f265fe83d5896d7') in 0.006618 seconds 
========================================================================
Received Import Request.
  Time since last request: 0.000074 seconds.
  path: Assets/Assets/map/AllSkyFree/AllSkyDemoEnvironment/Materials/AllSkyDemoEnv_FlagGreen.mat
  artifactKey: Guid(eba7c646abc914766b797ce6e6b6aef8) Importer(815301076,1909f56bfc062723c751e8b465ee728b)
Start importing Assets/Assets/map/AllSkyFree/AllSkyDemoEnvironment/Materials/AllSkyDemoEnv_FlagGreen.mat using Guid(eba7c646abc914766b797ce6e6b6aef8) Importer(815301076,1909f56bfc062723c751e8b465ee728b)  -> (artifact id: '87e5b9fb83966ef0fdb1042ca30f76ed') in 0.005985 seconds 
========================================================================
Received Import Request.
  Time since last request: 0.000110 seconds.
  path: Assets/Assets/map/marioMap/Materials/9.mat
  artifactKey: Guid(739e3a0dcbe374541b156792224331e9) Importer(815301076,1909f56bfc062723c751e8b465ee728b)
Start importing Assets/Assets/map/marioMap/Materials/9.mat using Guid(739e3a0dcbe374541b156792224331e9) Importer(815301076,1909f56bfc062723c751e8b465ee728b)  -> (artifact id: 'ece5947d02cd8c79062f1d749bdc2a74') in 0.007585 seconds 
========================================================================
Received Import Request.
  Time since last request: 0.000084 seconds.
  path: Assets/Assets/map/marioMap/Materials/4.mat
  artifactKey: Guid(5cbde42da9597b245b0ddc37eefc93ce) Importer(815301076,1909f56bfc062723c751e8b465ee728b)
Start importing Assets/Assets/map/marioMap/Materials/4.mat using Guid(5cbde42da9597b245b0ddc37eefc93ce) Importer(815301076,1909f56bfc062723c751e8b465ee728b)  -> (artifact id: '1b2e877f9b36a5d203a57b07f4bb4427') in 0.008455 seconds 
========================================================================
Received Import Request.
  Time since last request: 0.000070 seconds.
  path: Assets/Assets/map/AllSkyFree/AllSkyDemoEnvironment/Materials/AllSkyDemoEnv_Flag_Red.mat
  artifactKey: Guid(174e7977166824bf49a2c2f4b54fd066) Importer(815301076,1909f56bfc062723c751e8b465ee728b)
Start importing Assets/Assets/map/AllSkyFree/AllSkyDemoEnvironment/Materials/AllSkyDemoEnv_Flag_Red.mat using Guid(174e7977166824bf49a2c2f4b54fd066) Importer(815301076,1909f56bfc062723c751e8b465ee728b)  -> (artifact id: 'b46d82a00d6414ae4e5900894d4e6542') in 0.007051 seconds 
========================================================================
Received Import Request.
  Time since last request: 0.000054 seconds.
  path: Assets/Assets/map/AllSkyFree/AllSkyDemoEnvironment/Materials/AllSkyDemoEnv_Flag_Gold.mat
  artifactKey: Guid(e647ded4fdda54d5c82ce352c1b0be01) Importer(815301076,1909f56bfc062723c751e8b465ee728b)
Start importing Assets/Assets/map/AllSkyFree/AllSkyDemoEnvironment/Materials/AllSkyDemoEnv_Flag_Gold.mat using Guid(e647ded4fdda54d5c82ce352c1b0be01) Importer(815301076,1909f56bfc062723c751e8b465ee728b)  -> (artifact id: '568c9c520be781fa60ea4828b81a6fba') in 0.006735 seconds 
========================================================================
Received Import Request.
  Time since last request: 0.000056 seconds.
  path: Assets/Assets/map/marioMap/Materials/3.mat
  artifactKey: Guid(75417bd275d9562439cc0807138f1297) Importer(815301076,1909f56bfc062723c751e8b465ee728b)
Start importing Assets/Assets/map/marioMap/Materials/3.mat using Guid(75417bd275d9562439cc0807138f1297) Importer(815301076,1909f56bfc062723c751e8b465ee728b)  -> (artifact id: '599f4573d6c29d6c80952dde8516990e') in 0.008526 seconds 
========================================================================
Received Import Request.
  Time since last request: 0.000056 seconds.
  path: Assets/Assets/map/AllSkyFree/AllSkyDemoEnvironment/AdditiveSprite.mat
  artifactKey: Guid(aa556f6275fc744de969c712a17350e7) Importer(815301076,1909f56bfc062723c751e8b465ee728b)
Start importing Assets/Assets/map/AllSkyFree/AllSkyDemoEnvironment/AdditiveSprite.mat using Guid(aa556f6275fc744de969c712a17350e7) Importer(815301076,1909f56bfc062723c751e8b465ee728b)  -> (artifact id: 'fd391f4f2508623d8589b8c9d0be4bd2') in 0.018721 seconds 
========================================================================
Received Import Request.
  Time since last request: 0.000043 seconds.
  path: Assets/Assets/map/AllSkyFree/Space_AnotherPlanet/AllSky_Space_AnotherPlanet Equirect.mat
  artifactKey: Guid(13f6e5eed33d84c76979f1ec06b5e48c) Importer(815301076,1909f56bfc062723c751e8b465ee728b)
Start importing Assets/Assets/map/AllSkyFree/Space_AnotherPlanet/AllSky_Space_AnotherPlanet Equirect.mat using Guid(13f6e5eed33d84c76979f1ec06b5e48c) Importer(815301076,1909f56bfc062723c751e8b465ee728b)  -> (artifact id: '67e51b29cedd221c8379330ac57a3939') in 0.028978 seconds 
========================================================================
Received Import Request.
  Time since last request: 0.000051 seconds.
  path: Assets/Assets/map/AllSkyFree/AllSkyDemoEnvironment/Materials/AllSkyDemoEnv_Flag_Blue.mat
  artifactKey: Guid(fbc2e1c016c544198be90cefecf38f0f) Importer(815301076,1909f56bfc062723c751e8b465ee728b)
Start importing Assets/Assets/map/AllSkyFree/AllSkyDemoEnvironment/Materials/AllSkyDemoEnv_Flag_Blue.mat using Guid(fbc2e1c016c544198be90cefecf38f0f) Importer(815301076,1909f56bfc062723c751e8b465ee728b)  -> (artifact id: '9e7c5646879c27f7b65c536c91a4b759') in 0.008448 seconds 
========================================================================
Received Import Request.
  Time since last request: 0.505815 seconds.
  path: Assets/Assets/map/AllSkyFree/AllSkyDemoEnvironment/AllSky_DemoEnvironment02.fbx
  artifactKey: Guid(cca7a715222e33c49b541a5f7de8f6f2) Importer(815301076,1909f56bfc062723c751e8b465ee728b)
Start importing Assets/Assets/map/AllSkyFree/AllSkyDemoEnvironment/AllSky_DemoEnvironment02.fbx using Guid(cca7a715222e33c49b541a5f7de8f6f2) Importer(815301076,1909f56bfc062723c751e8b465ee728b)  -> (artifact id: '513f8b379475a257e6c99130751ade97') in 0.092389 seconds 
========================================================================
Received Import Request.
  Time since last request: 0.000082 seconds.
  path: Assets/Assets/map/Yughues Free Palm Trees/Meshes/PalmTreeDualBended.FBX
  artifactKey: Guid(31e0cf65c1498bb459ad7f1c13ad1abc) Importer(815301076,1909f56bfc062723c751e8b465ee728b)
Start importing Assets/Assets/map/Yughues Free Palm Trees/Meshes/PalmTreeDualBended.FBX using Guid(31e0cf65c1498bb459ad7f1c13ad1abc) Importer(815301076,1909f56bfc062723c751e8b465ee728b)  -> (artifact id: 'd8b7d3d298500b411a4edb0aefbc27d7') in 0.072523 seconds 
========================================================================
Received Import Request.
  Time since last request: 0.000055 seconds.
  path: Assets/Assets/vehicles/objects/bugatti.fbx
  artifactKey: Guid(6823ec8dd2ff41d42962687350e75cc5) Importer(815301076,1909f56bfc062723c751e8b465ee728b)
Start importing Assets/Assets/vehicles/objects/bugatti.fbx using Guid(6823ec8dd2ff41d42962687350e75cc5) Importer(815301076,1909f56bfc062723c751e8b465ee728b)  -> (artifact id: 'e2a907e971840992302e0be72d2a964f') in 0.279386 seconds 
========================================================================
Received Import Request.
  Time since last request: 0.000087 seconds.
  path: Assets/Assets/map/AllSkyFree/AllSkyDemoEnvironment/AllSky_DemoEnvironment_Light.fbx
  artifactKey: Guid(a86608a16093647c082aa3ccf69d2558) Importer(815301076,1909f56bfc062723c751e8b465ee728b)
Start importing Assets/Assets/map/AllSkyFree/AllSkyDemoEnvironment/AllSky_DemoEnvironment_Light.fbx using Guid(a86608a16093647c082aa3ccf69d2558) Importer(815301076,1909f56bfc062723c751e8b465ee728b)  -> (artifact id: '59424a74002caeaeb66dd963a4643ac2') in 0.017153 seconds 
========================================================================
Received Import Request.
  Time since last request: 0.000046 seconds.
  path: Assets/Assets/map/communityMap/Models/Vehicles/FamilyCarChassis.fbx
  artifactKey: Guid(f4eb283b24578414285b7b5691a8c643) Importer(815301076,1909f56bfc062723c751e8b465ee728b)
Start importing Assets/Assets/map/communityMap/Models/Vehicles/FamilyCarChassis.fbx using Guid(f4eb283b24578414285b7b5691a8c643) Importer(815301076,1909f56bfc062723c751e8b465ee728b)  -> (artifact id: '8d6e59fcf726f3e41b49d6fc21308ad0') in 0.399952 seconds 
========================================================================
Received Import Request.
  Time since last request: 0.000049 seconds.
  path: Assets/Assets/map/Yughues Free Palm Trees/Meshes/PalmTreeSingleStraight.FBX
  artifactKey: Guid(ef5cd9cdbb80e6849a5f7dd239d56605) Importer(815301076,1909f56bfc062723c751e8b465ee728b)
Start importing Assets/Assets/map/Yughues Free Palm Trees/Meshes/PalmTreeSingleStraight.FBX using Guid(ef5cd9cdbb80e6849a5f7dd239d56605) Importer(815301076,1909f56bfc062723c751e8b465ee728b)  -> (artifact id: '95c5ad59c3a24cd4d3087b37bd7f807b') in 0.027359 seconds 
========================================================================
Received Import Request.
  Time since last request: 0.000035 seconds.
  path: Assets/Assets/map/Yughues Free Palm Trees/Meshes/PalmTreeDualStraight.FBX
  artifactKey: Guid(6a19eafc9d24ca04fb2d532742cc211d) Importer(815301076,1909f56bfc062723c751e8b465ee728b)
Start importing Assets/Assets/map/Yughues Free Palm Trees/Meshes/PalmTreeDualStraight.FBX using Guid(6a19eafc9d24ca04fb2d532742cc211d) Importer(815301076,1909f56bfc062723c751e8b465ee728b)  -> (artifact id: '257483e1e763f4797adca222c5d00b6a') in 0.026771 seconds 
========================================================================
Received Import Request.
  Time since last request: 0.000063 seconds.
  path: Assets/Assets/map/Yughues Free Palm Trees/Meshes/PalmTreeTrio.FBX
  artifactKey: Guid(f9899d40134ed2642b1712b4bcede2de) Importer(815301076,1909f56bfc062723c751e8b465ee728b)
Start importing Assets/Assets/map/Yughues Free Palm Trees/Meshes/PalmTreeTrio.FBX using Guid(f9899d40134ed2642b1712b4bcede2de) Importer(815301076,1909f56bfc062723c751e8b465ee728b)  -> (artifact id: '42a2802e83f5a7ab3e6842c0a2d1cfe7') in 0.026573 seconds 
========================================================================
Received Import Request.
  Time since last request: 0.000047 seconds.
  path: Assets/Assets/vehicles/objects/cayman.fbx
  artifactKey: Guid(40e5001d13829134295d30f76d1dcff2) Importer(815301076,1909f56bfc062723c751e8b465ee728b)
Start importing Assets/Assets/vehicles/objects/cayman.fbx using Guid(40e5001d13829134295d30f76d1dcff2) Importer(815301076,1909f56bfc062723c751e8b465ee728b)  -> (artifact id: '2f45bcbad3404ec53b9d464c6e3a0f32') in 0.140379 seconds 
========================================================================
Received Import Request.
  Time since last request: 0.000058 seconds.
  path: Assets/Assets/map/communityMap/Models/Vehicles/FamilyCarCollision.fbx
  artifactKey: Guid(b37bce4519fa07648a6b9e5e034017ec) Importer(815301076,1909f56bfc062723c751e8b465ee728b)
Start importing Assets/Assets/map/communityMap/Models/Vehicles/FamilyCarCollision.fbx using Guid(b37bce4519fa07648a6b9e5e034017ec) Importer(815301076,1909f56bfc062723c751e8b465ee728b)  -> (artifact id: '6272be6a2b5edfab1e89d21439f85bf7') in 0.010188 seconds 
========================================================================
Received Import Request.
  Time since last request: 0.000054 seconds.
  path: Assets/Assets/map/communityMap/Models/Environment/Ramp.fbx
  artifactKey: Guid(2506ebf12db7e0548a3e0098d149b68a) Importer(815301076,1909f56bfc062723c751e8b465ee728b)
Start importing Assets/Assets/map/communityMap/Models/Environment/Ramp.fbx using Guid(2506ebf12db7e0548a3e0098d149b68a) Importer(815301076,1909f56bfc062723c751e8b465ee728b)  -> (artifact id: '36d8e967dceeb6c0cb69a9cb10835d81') in 0.776174 seconds 
